INFO:root:./build_data/DecoderApp.exe -b C:/Users/YangwooKim/Desktop/Codec/VVC4.0/samplebin_one\AI_MAIN10_Tango2_3840x2160_60_10b_S01_27.bin -i D:/origCfP\Tango2_3840x2160_60fps_10bit_420.yuv -bd 10
INFO:root:AI_MAIN10_Tango2_3840x2160_60_10b_S01_27.bin start
INFO:root:AI_MAIN10_Tango2_3840x2160_60_10b_S01_27.bin done
INFO:root:AI_MAIN10_Tango2_3840x2160_60_10b_S01_27 binfile get training set..
INFO:root:  AI_MAIN10_Tango2_3840x2160_60_10b_S01_27 POC 0
INFO:root:  Save to Image : AI_MAIN10_Tango2_3840x2160_60_10b_S01_27
INFO:root:  POC_0 finished(AI_MAIN10_Tango2_3840x2160_60_10b_S01_27 Cnt : 28)
INFO:root:  AI_MAIN10_Tango2_3840x2160_60_10b_S01_27 POC 1
INFO:root:  POC_1 finished(AI_MAIN10_Tango2_3840x2160_60_10b_S01_27 Cnt : 28)
INFO:root:  AI_MAIN10_Tango2_3840x2160_60_10b_S01_27 POC 2
INFO:root:  POC_2 finished(AI_MAIN10_Tango2_3840x2160_60_10b_S01_27 Cnt : 28)
INFO:root:  AI_MAIN10_Tango2_3840x2160_60_10b_S01_27 POC 3
INFO:root:  POC_3 finished(AI_MAIN10_Tango2_3840x2160_60_10b_S01_27 Cnt : 28)
INFO:root:  AI_MAIN10_Tango2_3840x2160_60_10b_S01_27 POC 4
INFO:root:  POC_4 finished(AI_MAIN10_Tango2_3840x2160_60_10b_S01_27 Cnt : 28)
INFO:root:  AI_MAIN10_Tango2_3840x2160_60_10b_S01_27 POC 5
INFO:root:  POC_5 finished(AI_MAIN10_Tango2_3840x2160_60_10b_S01_27 Cnt : 28)
INFO:root:  AI_MAIN10_Tango2_3840x2160_60_10b_S01_27 POC 6
INFO:root:  POC_6 finished(AI_MAIN10_Tango2_3840x2160_60_10b_S01_27 Cnt : 28)
INFO:root:  AI_MAIN10_Tango2_3840x2160_60_10b_S01_27 POC 7
INFO:root:  POC_7 finished(AI_MAIN10_Tango2_3840x2160_60_10b_S01_27 Cnt : 28)
INFO:root:  AI_MAIN10_Tango2_3840x2160_60_10b_S01_27 POC 8
INFO:root:  POC_8 finished(AI_MAIN10_Tango2_3840x2160_60_10b_S01_27 Cnt : 28)
INFO:root:  AI_MAIN10_Tango2_3840x2160_60_10b_S01_27 POC 9
INFO:root:  POC_9 finished(AI_MAIN10_Tango2_3840x2160_60_10b_S01_27 Cnt : 28)
INFO:root:  AI_MAIN10_Tango2_3840x2160_60_10b_S01_27 POC 10
INFO:root:  POC_10 finished(AI_MAIN10_Tango2_3840x2160_60_10b_S01_27 Cnt : 28)
INFO:root:  AI_MAIN10_Tango2_3840x2160_60_10b_S01_27 POC 11
INFO:root:  POC_11 finished(AI_MAIN10_Tango2_3840x2160_60_10b_S01_27 Cnt : 28)
INFO:root:  AI_MAIN10_Tango2_3840x2160_60_10b_S01_27 POC 12
INFO:root:  POC_12 finished(AI_MAIN10_Tango2_3840x2160_60_10b_S01_27 Cnt : 28)
INFO:root:  AI_MAIN10_Tango2_3840x2160_60_10b_S01_27 POC 13
INFO:root:  POC_13 finished(AI_MAIN10_Tango2_3840x2160_60_10b_S01_27 Cnt : 28)
INFO:root:  AI_MAIN10_Tango2_3840x2160_60_10b_S01_27 POC 14
INFO:root:  POC_14 finished(AI_MAIN10_Tango2_3840x2160_60_10b_S01_27 Cnt : 28)
INFO:root:  AI_MAIN10_Tango2_3840x2160_60_10b_S01_27 POC 15
INFO:root:  POC_15 finished(AI_MAIN10_Tango2_3840x2160_60_10b_S01_27 Cnt : 28)
INFO:root:  AI_MAIN10_Tango2_3840x2160_60_10b_S01_27 POC 16
INFO:root:  POC_16 finished(AI_MAIN10_Tango2_3840x2160_60_10b_S01_27 Cnt : 28)
INFO:root:  AI_MAIN10_Tango2_3840x2160_60_10b_S01_27 POC 17
INFO:root:  POC_17 finished(AI_MAIN10_Tango2_3840x2160_60_10b_S01_27 Cnt : 28)
INFO:root:  AI_MAIN10_Tango2_3840x2160_60_10b_S01_27 POC 18
INFO:root:  POC_18 finished(AI_MAIN10_Tango2_3840x2160_60_10b_S01_27 Cnt : 28)
INFO:root:  AI_MAIN10_Tango2_3840x2160_60_10b_S01_27 POC 19
INFO:root:  POC_19 finished(AI_MAIN10_Tango2_3840x2160_60_10b_S01_27 Cnt : 28)
INFO:root:  AI_MAIN10_Tango2_3840x2160_60_10b_S01_27 POC 20
INFO:root:  POC_20 finished(AI_MAIN10_Tango2_3840x2160_60_10b_S01_27 Cnt : 28)
INFO:root:  AI_MAIN10_Tango2_3840x2160_60_10b_S01_27 POC 21
INFO:root:  POC_21 finished(AI_MAIN10_Tango2_3840x2160_60_10b_S01_27 Cnt : 28)
INFO:root:  AI_MAIN10_Tango2_3840x2160_60_10b_S01_27 POC 22
INFO:root:  POC_22 finished(AI_MAIN10_Tango2_3840x2160_60_10b_S01_27 Cnt : 28)
INFO:root:  AI_MAIN10_Tango2_3840x2160_60_10b_S01_27 POC 23
INFO:root:  POC_23 finished(AI_MAIN10_Tango2_3840x2160_60_10b_S01_27 Cnt : 28)
INFO:root:  AI_MAIN10_Tango2_3840x2160_60_10b_S01_27 POC 24
INFO:root:  POC_24 finished(AI_MAIN10_Tango2_3840x2160_60_10b_S01_27 Cnt : 28)
INFO:root:  AI_MAIN10_Tango2_3840x2160_60_10b_S01_27 POC 25
INFO:root:  POC_25 finished(AI_MAIN10_Tango2_3840x2160_60_10b_S01_27 Cnt : 28)
INFO:root:  AI_MAIN10_Tango2_3840x2160_60_10b_S01_27 POC 26
INFO:root:  POC_26 finished(AI_MAIN10_Tango2_3840x2160_60_10b_S01_27 Cnt : 28)
INFO:root:  AI_MAIN10_Tango2_3840x2160_60_10b_S01_27 POC 27
INFO:root:  POC_27 finished(AI_MAIN10_Tango2_3840x2160_60_10b_S01_27 Cnt : 28)
INFO:root:  AI_MAIN10_Tango2_3840x2160_60_10b_S01_27 POC 28
INFO:root:  POC_28 finished(AI_MAIN10_Tango2_3840x2160_60_10b_S01_27 Cnt : 28)
INFO:root:  AI_MAIN10_Tango2_3840x2160_60_10b_S01_27 POC 29
INFO:root:  POC_29 finished(AI_MAIN10_Tango2_3840x2160_60_10b_S01_27 Cnt : 28)
INFO:root:  AI_MAIN10_Tango2_3840x2160_60_10b_S01_27 POC 30
INFO:root:  POC_30 finished(AI_MAIN10_Tango2_3840x2160_60_10b_S01_27 Cnt : 28)
INFO:root:  AI_MAIN10_Tango2_3840x2160_60_10b_S01_27 POC 31
INFO:root:  POC_31 finished(AI_MAIN10_Tango2_3840x2160_60_10b_S01_27 Cnt : 28)
INFO:root:  AI_MAIN10_Tango2_3840x2160_60_10b_S01_27 POC 32
INFO:root:  POC_32 finished(AI_MAIN10_Tango2_3840x2160_60_10b_S01_27 Cnt : 28)
INFO:root:  AI_MAIN10_Tango2_3840x2160_60_10b_S01_27 POC 33
INFO:root:  POC_33 finished(AI_MAIN10_Tango2_3840x2160_60_10b_S01_27 Cnt : 28)
INFO:root:  AI_MAIN10_Tango2_3840x2160_60_10b_S01_27 POC 34
INFO:root:  POC_34 finished(AI_MAIN10_Tango2_3840x2160_60_10b_S01_27 Cnt : 28)
INFO:root:  AI_MAIN10_Tango2_3840x2160_60_10b_S01_27 POC 35
INFO:root:  POC_35 finished(AI_MAIN10_Tango2_3840x2160_60_10b_S01_27 Cnt : 28)
INFO:root:  AI_MAIN10_Tango2_3840x2160_60_10b_S01_27 POC 36
INFO:root:  POC_36 finished(AI_MAIN10_Tango2_3840x2160_60_10b_S01_27 Cnt : 28)
INFO:root:./build_data/DecoderApp.exe -b C:/Users/YangwooKim/Desktop/Codec/VVC4.0/samplebin_one\AI_MAIN10_Tango2_3840x2160_60_10b_S01_27.bin -i D:/origCfP\Tango2_3840x2160_60fps_10bit_420.yuv -bd 10
INFO:root:AI_MAIN10_Tango2_3840x2160_60_10b_S01_27.bin start
INFO:root:AI_MAIN10_Tango2_3840x2160_60_10b_S01_27.bin done
INFO:root:AI_MAIN10_Tango2_3840x2160_60_10b_S01_27 binfile get test set..
INFO:root:  AI_MAIN10_Tango2_3840x2160_60_10b_S01_27 POC 0
INFO:root:  AI_MAIN10_Tango2_3840x2160_60_10b_S01_27 POC 1
INFO:root:  AI_MAIN10_Tango2_3840x2160_60_10b_S01_27 POC is break(POC : 2)
