[INFO|build_dataset.py:223] 2019-08-19 18:55:27,790 > AI_MAIN10_CatRobot1_3840x2160_60_10b_S04_22 binfile get training set..
[INFO|build_dataset.py:246] 2019-08-19 18:55:33,895 >   AI_MAIN10_CatRobot1_3840x2160_60_10b_S04_22 POC 0
[DEBUG|build_dataset.py:252] 2019-08-19 18:55:34,255 >   AI_MAIN10_CatRobot1_3840x2160_60_10b_S04_22 Prediction PSNR [YUV : 33.506806697446926], [Y : 32.21015480371682], [U : 39.31098670494042], [V : inf]
[DEBUG|build_dataset.py:259] 2019-08-19 18:55:34,609 >   AI_MAIN10_CatRobot1_3840x2160_60_10b_S04_22 Reconstruction PSNR [YUV : 42.823590557308535], [Y : 42.59905046665749], [U : 42.553358159176], [V : 44.228896794466614]
[DEBUG|build_dataset.py:266] 2019-08-19 18:55:34,944 >   AI_MAIN10_CatRobot1_3840x2160_60_10b_S04_22 Unfiltered PSNR [YUV : 42.78992637259479], [Y : 42.591110184310836], [U : 42.48901531227911], [V : 44.09242856671998]
[INFO|build_dataset.py:432] 2019-08-19 18:55:43,191 >   Save to Image : AI_MAIN10_CatRobot1_3840x2160_60_10b_S04_22
[INFO|build_dataset.py:438] 2019-08-19 18:55:55,293 >   POC_0 finished(AI_MAIN10_CatRobot1_3840x2160_60_10b_S04_22 Cnt : 435)
[INFO|build_dataset.py:246] 2019-08-19 18:56:00,831 >   AI_MAIN10_CatRobot1_3840x2160_60_10b_S04_22 POC 1
[DEBUG|build_dataset.py:252] 2019-08-19 18:56:01,156 >   AI_MAIN10_CatRobot1_3840x2160_60_10b_S04_22 Prediction PSNR [YUV : 33.46934100564979], [Y : 32.14565361935419], [U : 39.43243955210475], [V : inf]
[DEBUG|build_dataset.py:259] 2019-08-19 18:56:01,487 >   AI_MAIN10_CatRobot1_3840x2160_60_10b_S04_22 Reconstruction PSNR [YUV : 42.81686607747585], [Y : 42.59545047217334], [U : 42.53925118911292], [V : 44.21486281895373]
[DEBUG|build_dataset.py:266] 2019-08-19 18:56:01,824 >   AI_MAIN10_CatRobot1_3840x2160_60_10b_S04_22 Unfiltered PSNR [YUV : 42.78241799977487], [Y : 42.58608621080063], [U : 42.4762296415151], [V : 44.07852608146698]
[INFO|build_dataset.py:438] 2019-08-19 18:56:10,667 >   POC_1 finished(AI_MAIN10_CatRobot1_3840x2160_60_10b_S04_22 Cnt : 435)
[INFO|build_dataset.py:246] 2019-08-19 18:56:15,826 >   AI_MAIN10_CatRobot1_3840x2160_60_10b_S04_22 POC 2
[DEBUG|build_dataset.py:252] 2019-08-19 18:56:16,139 >   AI_MAIN10_CatRobot1_3840x2160_60_10b_S04_22 Prediction PSNR [YUV : 33.59810923475336], [Y : 32.26196090044172], [U : 39.66674872008022], [V : inf]
[DEBUG|build_dataset.py:259] 2019-08-19 18:56:16,470 >   AI_MAIN10_CatRobot1_3840x2160_60_10b_S04_22 Reconstruction PSNR [YUV : 42.77968761559143], [Y : 42.55345639147069], [U : 42.51844048016017], [V : 44.18164034865208]
[DEBUG|build_dataset.py:266] 2019-08-19 18:56:16,787 >   AI_MAIN10_CatRobot1_3840x2160_60_10b_S04_22 Unfiltered PSNR [YUV : 42.745324872130695], [Y : 42.546534276039026], [U : 42.45463239308002], [V : 44.03294337605085]
[INFO|build_dataset.py:438] 2019-08-19 18:56:25,381 >   POC_2 finished(AI_MAIN10_CatRobot1_3840x2160_60_10b_S04_22 Cnt : 435)
[INFO|build_dataset.py:246] 2019-08-19 18:56:30,970 >   AI_MAIN10_CatRobot1_3840x2160_60_10b_S04_22 POC 3
[DEBUG|build_dataset.py:252] 2019-08-19 18:56:31,309 >   AI_MAIN10_CatRobot1_3840x2160_60_10b_S04_22 Prediction PSNR [YUV : 33.628244474538135], [Y : 32.34201053148705], [U : 39.18578146147349], [V : inf]
[DEBUG|build_dataset.py:259] 2019-08-19 18:56:31,658 >   AI_MAIN10_CatRobot1_3840x2160_60_10b_S04_22 Reconstruction PSNR [YUV : 42.746722129836556], [Y : 42.514242324038925], [U : 42.507048220462416], [V : 44.15350528706328]
[DEBUG|build_dataset.py:266] 2019-08-19 18:56:32,022 >   AI_MAIN10_CatRobot1_3840x2160_60_10b_S04_22 Unfiltered PSNR [YUV : 42.712578872429255], [Y : 42.507514390454205], [U : 42.44086902097053], [V : 44.00832617574281]
[INFO|build_dataset.py:438] 2019-08-19 18:56:40,793 >   POC_3 finished(AI_MAIN10_CatRobot1_3840x2160_60_10b_S04_22 Cnt : 435)
[INFO|build_dataset.py:246] 2019-08-19 18:56:46,685 >   AI_MAIN10_CatRobot1_3840x2160_60_10b_S04_22 POC 4
[DEBUG|build_dataset.py:252] 2019-08-19 18:56:47,021 >   AI_MAIN10_CatRobot1_3840x2160_60_10b_S04_22 Prediction PSNR [YUV : 33.57820608441374], [Y : 32.27260570103081], [U : 39.29419613935341], [V : inf]
[DEBUG|build_dataset.py:259] 2019-08-19 18:56:47,373 >   AI_MAIN10_CatRobot1_3840x2160_60_10b_S04_22 Reconstruction PSNR [YUV : 42.73141209790853], [Y : 42.49637122957807], [U : 42.49037564904484], [V : 44.15516565914565]
[DEBUG|build_dataset.py:266] 2019-08-19 18:56:47,703 >   AI_MAIN10_CatRobot1_3840x2160_60_10b_S04_22 Unfiltered PSNR [YUV : 42.69841779253487], [Y : 42.48978951408779], [U : 42.42675575271239], [V : 44.01429108005246]
[INFO|build_dataset.py:438] 2019-08-19 18:56:56,025 >   POC_4 finished(AI_MAIN10_CatRobot1_3840x2160_60_10b_S04_22 Cnt : 435)
[INFO|build_dataset.py:246] 2019-08-19 18:57:01,371 >   AI_MAIN10_CatRobot1_3840x2160_60_10b_S04_22 POC 5
[DEBUG|build_dataset.py:252] 2019-08-19 18:57:01,711 >   AI_MAIN10_CatRobot1_3840x2160_60_10b_S04_22 Prediction PSNR [YUV : 33.56324562416307], [Y : 32.24065047546852], [U : 39.58140657314192], [V : inf]
[DEBUG|build_dataset.py:259] 2019-08-19 18:57:02,044 >   AI_MAIN10_CatRobot1_3840x2160_60_10b_S04_22 Reconstruction PSNR [YUV : 42.7174384628739], [Y : 42.47650958257098], [U : 42.49459694907184], [V : 44.14909054455273]
[DEBUG|build_dataset.py:266] 2019-08-19 18:57:02,374 >   AI_MAIN10_CatRobot1_3840x2160_60_10b_S04_22 Unfiltered PSNR [YUV : 42.68329379756341], [Y : 42.469420792226714], [U : 42.42711000330401], [V : 44.00672376304498]
[INFO|build_dataset.py:438] 2019-08-19 18:57:11,500 >   POC_5 finished(AI_MAIN10_CatRobot1_3840x2160_60_10b_S04_22 Cnt : 435)
