INFO:root:AI_MAIN10_CatRobot1_3840x2160_60_10b_S04_22 binfile get training set..
INFO:root:  AI_MAIN10_CatRobot1_3840x2160_60_10b_S04_22 POC 0
DEBUG:root:  AI_MAIN10_CatRobot1_3840x2160_60_10b_S04_22 Prediction PSNR [YUV : 33.506806697446926], [Y : 32.21015480371682], [U : 39.31098670494042], [V : inf]
DEBUG:root:  AI_MAIN10_CatRobot1_3840x2160_60_10b_S04_22 Reconstruction PSNR [YUV : 42.823590557308535], [Y : 42.59905046665749], [U : 42.553358159176], [V : 44.228896794466614]
DEBUG:root:  AI_MAIN10_CatRobot1_3840x2160_60_10b_S04_22 Unfiltered PSNR [YUV : 42.78992637259479], [Y : 42.591110184310836], [U : 42.48901531227911], [V : 44.09242856671998]
INFO:root:  Save to Image : AI_MAIN10_CatRobot1_3840x2160_60_10b_S04_22
INFO:root:  POC_0 finished(AI_MAIN10_CatRobot1_3840x2160_60_10b_S04_22 Cnt : 435)
INFO:root:  AI_MAIN10_CatRobot1_3840x2160_60_10b_S04_22 POC 1
DEBUG:root:  AI_MAIN10_CatRobot1_3840x2160_60_10b_S04_22 Prediction PSNR [YUV : 33.46934100564979], [Y : 32.14565361935419], [U : 39.43243955210475], [V : inf]
DEBUG:root:  AI_MAIN10_CatRobot1_3840x2160_60_10b_S04_22 Reconstruction PSNR [YUV : 42.81686607747585], [Y : 42.59545047217334], [U : 42.53925118911292], [V : 44.21486281895373]
DEBUG:root:  AI_MAIN10_CatRobot1_3840x2160_60_10b_S04_22 Unfiltered PSNR [YUV : 42.78241799977487], [Y : 42.58608621080063], [U : 42.4762296415151], [V : 44.07852608146698]
INFO:root:  POC_1 finished(AI_MAIN10_CatRobot1_3840x2160_60_10b_S04_22 Cnt : 435)
INFO:root:  AI_MAIN10_CatRobot1_3840x2160_60_10b_S04_22 POC 2
DEBUG:root:  AI_MAIN10_CatRobot1_3840x2160_60_10b_S04_22 Prediction PSNR [YUV : 33.59810923475336], [Y : 32.26196090044172], [U : 39.66674872008022], [V : inf]
DEBUG:root:  AI_MAIN10_CatRobot1_3840x2160_60_10b_S04_22 Reconstruction PSNR [YUV : 42.77968761559143], [Y : 42.55345639147069], [U : 42.51844048016017], [V : 44.18164034865208]
DEBUG:root:  AI_MAIN10_CatRobot1_3840x2160_60_10b_S04_22 Unfiltered PSNR [YUV : 42.745324872130695], [Y : 42.546534276039026], [U : 42.45463239308002], [V : 44.03294337605085]
INFO:root:  POC_2 finished(AI_MAIN10_CatRobot1_3840x2160_60_10b_S04_22 Cnt : 435)
INFO:root:  AI_MAIN10_CatRobot1_3840x2160_60_10b_S04_22 POC 3
DEBUG:root:  AI_MAIN10_CatRobot1_3840x2160_60_10b_S04_22 Prediction PSNR [YUV : 33.628244474538135], [Y : 32.34201053148705], [U : 39.18578146147349], [V : inf]
DEBUG:root:  AI_MAIN10_CatRobot1_3840x2160_60_10b_S04_22 Reconstruction PSNR [YUV : 42.746722129836556], [Y : 42.514242324038925], [U : 42.507048220462416], [V : 44.15350528706328]
DEBUG:root:  AI_MAIN10_CatRobot1_3840x2160_60_10b_S04_22 Unfiltered PSNR [YUV : 42.712578872429255], [Y : 42.507514390454205], [U : 42.44086902097053], [V : 44.00832617574281]
INFO:root:  POC_3 finished(AI_MAIN10_CatRobot1_3840x2160_60_10b_S04_22 Cnt : 435)
INFO:root:  AI_MAIN10_CatRobot1_3840x2160_60_10b_S04_22 POC 4
DEBUG:root:  AI_MAIN10_CatRobot1_3840x2160_60_10b_S04_22 Prediction PSNR [YUV : 33.57820608441374], [Y : 32.27260570103081], [U : 39.29419613935341], [V : inf]
DEBUG:root:  AI_MAIN10_CatRobot1_3840x2160_60_10b_S04_22 Reconstruction PSNR [YUV : 42.73141209790853], [Y : 42.49637122957807], [U : 42.49037564904484], [V : 44.15516565914565]
DEBUG:root:  AI_MAIN10_CatRobot1_3840x2160_60_10b_S04_22 Unfiltered PSNR [YUV : 42.69841779253487], [Y : 42.48978951408779], [U : 42.42675575271239], [V : 44.01429108005246]
INFO:root:  POC_4 finished(AI_MAIN10_CatRobot1_3840x2160_60_10b_S04_22 Cnt : 435)
INFO:root:  AI_MAIN10_CatRobot1_3840x2160_60_10b_S04_22 POC 5
DEBUG:root:  AI_MAIN10_CatRobot1_3840x2160_60_10b_S04_22 Prediction PSNR [YUV : 33.56324562416307], [Y : 32.24065047546852], [U : 39.58140657314192], [V : inf]
DEBUG:root:  AI_MAIN10_CatRobot1_3840x2160_60_10b_S04_22 Reconstruction PSNR [YUV : 42.7174384628739], [Y : 42.47650958257098], [U : 42.49459694907184], [V : 44.14909054455273]
DEBUG:root:  AI_MAIN10_CatRobot1_3840x2160_60_10b_S04_22 Unfiltered PSNR [YUV : 42.68329379756341], [Y : 42.469420792226714], [U : 42.42711000330401], [V : 44.00672376304498]
INFO:root:  POC_5 finished(AI_MAIN10_CatRobot1_3840x2160_60_10b_S04_22 Cnt : 435)
