INFO:root:AI_MAIN10_CatRobot1_3840x2160_60_10b_S04_22 binfile get training set..
INFO:root:  AI_MAIN10_CatRobot1_3840x2160_60_10b_S04_22 POC 0
DEBUG:root:  AI_MAIN10_CatRobot1_3840x2160_60_10b_S04_22 Prediction PSNR [YUV : 33.506806697446926], [Y : 32.21015480371682], [U : 39.31098670494042], [V : 38.12191229627382]
DEBUG:root:  AI_MAIN10_CatRobot1_3840x2160_60_10b_S04_22 Reconstruction PSNR [YUV : 42.823590557308535], [Y : 42.59905046665749], [U : 42.553358159176], [V : 44.228896794466614]
DEBUG:root:  AI_MAIN10_CatRobot1_3840x2160_60_10b_S04_22 Unfiltered PSNR [YUV : 42.78992637259479], [Y : 42.591110184310836], [U : 42.48901531227911], [V : 44.09242856671998]
INFO:root:  Save to Image : AI_MAIN10_CatRobot1_3840x2160_60_10b_S04_22
INFO:root:  POC_0 finished(AI_MAIN10_CatRobot1_3840x2160_60_10b_S04_22 Cnt : 2)
INFO:root:  AI_MAIN10_CatRobot1_3840x2160_60_10b_S04_22 POC 1
DEBUG:root:  AI_MAIN10_CatRobot1_3840x2160_60_10b_S04_22 Prediction PSNR [YUV : 33.46934100564979], [Y : 32.14565361935419], [U : 39.43243955210475], [V : 38.40015486588654]
DEBUG:root:  AI_MAIN10_CatRobot1_3840x2160_60_10b_S04_22 Reconstruction PSNR [YUV : 42.81686607747585], [Y : 42.59545047217334], [U : 42.53925118911292], [V : 44.21486281895373]
DEBUG:root:  AI_MAIN10_CatRobot1_3840x2160_60_10b_S04_22 Unfiltered PSNR [YUV : 42.78241799977487], [Y : 42.58608621080063], [U : 42.4762296415151], [V : 44.07852608146698]
INFO:root:  POC_1 finished(AI_MAIN10_CatRobot1_3840x2160_60_10b_S04_22 Cnt : 2)
INFO:root:  AI_MAIN10_CatRobot1_3840x2160_60_10b_S04_22 POC 2
DEBUG:root:  AI_MAIN10_CatRobot1_3840x2160_60_10b_S04_22 Prediction PSNR [YUV : 33.59810923475336], [Y : 32.26196090044172], [U : 39.66674872008022], [V : 38.65936182616843]
DEBUG:root:  AI_MAIN10_CatRobot1_3840x2160_60_10b_S04_22 Reconstruction PSNR [YUV : 42.77968761559143], [Y : 42.55345639147069], [U : 42.51844048016017], [V : 44.18164034865208]
DEBUG:root:  AI_MAIN10_CatRobot1_3840x2160_60_10b_S04_22 Unfiltered PSNR [YUV : 42.745324872130695], [Y : 42.546534276039026], [U : 42.45463239308002], [V : 44.03294337605085]
INFO:root:  POC_2 finished(AI_MAIN10_CatRobot1_3840x2160_60_10b_S04_22 Cnt : 2)
INFO:root:  AI_MAIN10_CatRobot1_3840x2160_60_10b_S04_22 POC 3
DEBUG:root:  AI_MAIN10_CatRobot1_3840x2160_60_10b_S04_22 Prediction PSNR [YUV : 33.628244474538135], [Y : 32.34201053148705], [U : 39.18578146147349], [V : 38.27408939613119]
DEBUG:root:  AI_MAIN10_CatRobot1_3840x2160_60_10b_S04_22 Reconstruction PSNR [YUV : 42.746722129836556], [Y : 42.514242324038925], [U : 42.507048220462416], [V : 44.15350528706328]
DEBUG:root:  AI_MAIN10_CatRobot1_3840x2160_60_10b_S04_22 Unfiltered PSNR [YUV : 42.712578872429255], [Y : 42.507514390454205], [U : 42.44086902097053], [V : 44.00832617574281]
INFO:root:  POC_3 finished(AI_MAIN10_CatRobot1_3840x2160_60_10b_S04_22 Cnt : 2)
INFO:root:  AI_MAIN10_CatRobot1_3840x2160_60_10b_S04_22 POC 4
DEBUG:root:  AI_MAIN10_CatRobot1_3840x2160_60_10b_S04_22 Prediction PSNR [YUV : 33.57820608441374], [Y : 32.27260570103081], [U : 39.29419613935341], [V : 38.40596309162697]
DEBUG:root:  AI_MAIN10_CatRobot1_3840x2160_60_10b_S04_22 Reconstruction PSNR [YUV : 42.73141209790853], [Y : 42.49637122957807], [U : 42.49037564904484], [V : 44.15516565914565]
DEBUG:root:  AI_MAIN10_CatRobot1_3840x2160_60_10b_S04_22 Unfiltered PSNR [YUV : 42.69841779253487], [Y : 42.48978951408779], [U : 42.42675575271239], [V : 44.01429108005246]
INFO:root:  POC_4 finished(AI_MAIN10_CatRobot1_3840x2160_60_10b_S04_22 Cnt : 2)
INFO:root:  AI_MAIN10_CatRobot1_3840x2160_60_10b_S04_22 POC 5
DEBUG:root:  AI_MAIN10_CatRobot1_3840x2160_60_10b_S04_22 Prediction PSNR [YUV : 33.56324562416307], [Y : 32.24065047546852], [U : 39.58140657314192], [V : 38.43291185058834]
DEBUG:root:  AI_MAIN10_CatRobot1_3840x2160_60_10b_S04_22 Reconstruction PSNR [YUV : 42.7174384628739], [Y : 42.47650958257098], [U : 42.49459694907184], [V : 44.14909054455273]
DEBUG:root:  AI_MAIN10_CatRobot1_3840x2160_60_10b_S04_22 Unfiltered PSNR [YUV : 42.68329379756341], [Y : 42.469420792226714], [U : 42.42711000330401], [V : 44.00672376304498]
INFO:root:  POC_5 finished(AI_MAIN10_CatRobot1_3840x2160_60_10b_S04_22 Cnt : 2)
INFO:root:  AI_MAIN10_CatRobot1_3840x2160_60_10b_S04_22 POC 6
DEBUG:root:  AI_MAIN10_CatRobot1_3840x2160_60_10b_S04_22 Prediction PSNR [YUV : 33.48138238274017], [Y : 32.19694825480822], [U : 39.16474478605348], [V : 38.000352232970506]
DEBUG:root:  AI_MAIN10_CatRobot1_3840x2160_60_10b_S04_22 Reconstruction PSNR [YUV : 42.72205259551061], [Y : 42.4768109844734], [U : 42.51428517949779], [V : 44.15704838341086]
DEBUG:root:  AI_MAIN10_CatRobot1_3840x2160_60_10b_S04_22 Unfiltered PSNR [YUV : 42.687485733552634], [Y : 42.46938161949324], [U : 42.4462141702318], [V : 44.013623918784106]
INFO:root:  POC_6 finished(AI_MAIN10_CatRobot1_3840x2160_60_10b_S04_22 Cnt : 2)
INFO:root:  AI_MAIN10_CatRobot1_3840x2160_60_10b_S04_22 POC 7
DEBUG:root:  AI_MAIN10_CatRobot1_3840x2160_60_10b_S04_22 Prediction PSNR [YUV : 33.478598462956796], [Y : 32.18012478962165], [U : 39.35547453929744], [V : 38.06739254250401]
DEBUG:root:  AI_MAIN10_CatRobot1_3840x2160_60_10b_S04_22 Reconstruction PSNR [YUV : 42.737007837327845], [Y : 42.489276650976926], [U : 42.54824694962195], [V : 44.15900581236669]
DEBUG:root:  AI_MAIN10_CatRobot1_3840x2160_60_10b_S04_22 Unfiltered PSNR [YUV : 42.70135929536136], [Y : 42.4804882069872], [U : 42.47961722326248], [V : 44.01535863022965]
INFO:root:  POC_7 finished(AI_MAIN10_CatRobot1_3840x2160_60_10b_S04_22 Cnt : 2)
INFO:root:  AI_MAIN10_CatRobot1_3840x2160_60_10b_S04_22 POC 8
DEBUG:root:  AI_MAIN10_CatRobot1_3840x2160_60_10b_S04_22 Prediction PSNR [YUV : 33.49055309325925], [Y : 32.201395567533005], [U : 39.28984986572172], [V : 37.993981458554224]
DEBUG:root:  AI_MAIN10_CatRobot1_3840x2160_60_10b_S04_22 Reconstruction PSNR [YUV : 42.76241428346009], [Y : 42.51585399284704], [U : 42.5683454293261], [V : 44.185229932046816]
DEBUG:root:  AI_MAIN10_CatRobot1_3840x2160_60_10b_S04_22 Unfiltered PSNR [YUV : 42.72724461822064], [Y : 42.50677836951142], [U : 42.500189683614416], [V : 44.04651267426023]
INFO:root:  POC_8 finished(AI_MAIN10_CatRobot1_3840x2160_60_10b_S04_22 Cnt : 2)
INFO:root:  AI_MAIN10_CatRobot1_3840x2160_60_10b_S04_22 POC 9
DEBUG:root:  AI_MAIN10_CatRobot1_3840x2160_60_10b_S04_22 Prediction PSNR [YUV : 33.506412895349214], [Y : 32.201682079648656], [U : 39.4095223748363], [V : 38.17362633625722]
DEBUG:root:  AI_MAIN10_CatRobot1_3840x2160_60_10b_S04_22 Reconstruction PSNR [YUV : 42.78171089070863], [Y : 42.535069409109276], [U : 42.588822159237736], [V : 44.2032914968358]
DEBUG:root:  AI_MAIN10_CatRobot1_3840x2160_60_10b_S04_22 Unfiltered PSNR [YUV : 42.745740808660145], [Y : 42.525356739189924], [U : 42.51934940261936], [V : 44.06359326994256]
INFO:root:  POC_9 finished(AI_MAIN10_CatRobot1_3840x2160_60_10b_S04_22 Cnt : 2)
INFO:root:  AI_MAIN10_CatRobot1_3840x2160_60_10b_S04_22 POC 10
DEBUG:root:  AI_MAIN10_CatRobot1_3840x2160_60_10b_S04_22 Prediction PSNR [YUV : 33.592644562476856], [Y : 32.29242409828612], [U : 39.379968160579566], [V : 38.276847784273244]
DEBUG:root:  AI_MAIN10_CatRobot1_3840x2160_60_10b_S04_22 Reconstruction PSNR [YUV : 42.78976743503716], [Y : 42.54585030022157], [U : 42.58767557088234], [V : 44.20871407090797]
DEBUG:root:  AI_MAIN10_CatRobot1_3840x2160_60_10b_S04_22 Unfiltered PSNR [YUV : 42.75515056275859], [Y : 42.5377809710501], [U : 42.51908802637477], [V : 44.069643508501755]
INFO:root:  POC_10 finished(AI_MAIN10_CatRobot1_3840x2160_60_10b_S04_22 Cnt : 2)
INFO:root:  AI_MAIN10_CatRobot1_3840x2160_60_10b_S04_22 POC 11
DEBUG:root:  AI_MAIN10_CatRobot1_3840x2160_60_10b_S04_22 Prediction PSNR [YUV : 33.62123969830063], [Y : 32.34368964805155], [U : 39.35989783137886], [V : 37.99592066450861]
DEBUG:root:  AI_MAIN10_CatRobot1_3840x2160_60_10b_S04_22 Reconstruction PSNR [YUV : 42.798006863736084], [Y : 42.553308494436386], [U : 42.61020216917714], [V : 44.200849144176296]
DEBUG:root:  AI_MAIN10_CatRobot1_3840x2160_60_10b_S04_22 Unfiltered PSNR [YUV : 42.76251212395752], [Y : 42.544554069402984], [U : 42.54067595897405], [V : 44.06009035170217]
INFO:root:  POC_11 finished(AI_MAIN10_CatRobot1_3840x2160_60_10b_S04_22 Cnt : 2)
INFO:root:  AI_MAIN10_CatRobot1_3840x2160_60_10b_S04_22 POC 12
DEBUG:root:  AI_MAIN10_CatRobot1_3840x2160_60_10b_S04_22 Prediction PSNR [YUV : 33.67885363476], [Y : 32.385174282907364], [U : 39.334803771083585], [V : 38.36280734721583]
DEBUG:root:  AI_MAIN10_CatRobot1_3840x2160_60_10b_S04_22 Reconstruction PSNR [YUV : 42.78425885372708], [Y : 42.53097384821707], [U : 42.61478106981632], [V : 44.21103113405159]
DEBUG:root:  AI_MAIN10_CatRobot1_3840x2160_60_10b_S04_22 Unfiltered PSNR [YUV : 42.750669672473336], [Y : 42.52471225737884], [U : 42.547217550102005], [V : 44.06766323489326]
INFO:root:  POC_12 finished(AI_MAIN10_CatRobot1_3840x2160_60_10b_S04_22 Cnt : 2)
INFO:root:  AI_MAIN10_CatRobot1_3840x2160_60_10b_S04_22 POC 13
DEBUG:root:  AI_MAIN10_CatRobot1_3840x2160_60_10b_S04_22 Prediction PSNR [YUV : 33.70039727204397], [Y : 32.41540307137807], [U : 39.4142647073945], [V : 38.20466741199323]
DEBUG:root:  AI_MAIN10_CatRobot1_3840x2160_60_10b_S04_22 Reconstruction PSNR [YUV : 42.78284281553219], [Y : 42.52955596575695], [U : 42.612942728076476], [V : 44.21023591886747]
DEBUG:root:  AI_MAIN10_CatRobot1_3840x2160_60_10b_S04_22 Unfiltered PSNR [YUV : 42.748359763749086], [Y : 42.521960757773456], [U : 42.544761419841606], [V : 44.0680816855593]
INFO:root:  POC_13 finished(AI_MAIN10_CatRobot1_3840x2160_60_10b_S04_22 Cnt : 2)
INFO:root:  AI_MAIN10_CatRobot1_3840x2160_60_10b_S04_22 POC 14
DEBUG:root:  AI_MAIN10_CatRobot1_3840x2160_60_10b_S04_22 Prediction PSNR [YUV : 33.75319613589683], [Y : 32.48260887919733], [U : 39.35970092080679], [V : 38.12363396154533]
DEBUG:root:  AI_MAIN10_CatRobot1_3840x2160_60_10b_S04_22 Reconstruction PSNR [YUV : 42.7787551066025], [Y : 42.52106626375056], [U : 42.62191112008544], [V : 44.21326394991673]
DEBUG:root:  AI_MAIN10_CatRobot1_3840x2160_60_10b_S04_22 Unfiltered PSNR [YUV : 42.74644641021148], [Y : 42.51501634931691], [U : 42.557400073867306], [V : 44.07429092881518]
INFO:root:  POC_14 finished(AI_MAIN10_CatRobot1_3840x2160_60_10b_S04_22 Cnt : 2)
INFO:root:  AI_MAIN10_CatRobot1_3840x2160_60_10b_S04_22 POC 15
DEBUG:root:  AI_MAIN10_CatRobot1_3840x2160_60_10b_S04_22 Prediction PSNR [YUV : 33.79797068123982], [Y : 32.491696457636564], [U : 39.52120968025519], [V : 38.630893428465335]
DEBUG:root:  AI_MAIN10_CatRobot1_3840x2160_60_10b_S04_22 Reconstruction PSNR [YUV : 42.7940259349048], [Y : 42.53835257960251], [U : 42.62561530952005], [V : 44.23334497177041]
DEBUG:root:  AI_MAIN10_CatRobot1_3840x2160_60_10b_S04_22 Unfiltered PSNR [YUV : 42.76119154507391], [Y : 42.531415125957004], [U : 42.56102652522821], [V : 44.095357704570084]
INFO:root:  POC_15 finished(AI_MAIN10_CatRobot1_3840x2160_60_10b_S04_22 Cnt : 2)
INFO:root:  AI_MAIN10_CatRobot1_3840x2160_60_10b_S04_22 POC 16
DEBUG:root:  AI_MAIN10_CatRobot1_3840x2160_60_10b_S04_22 Prediction PSNR [YUV : 33.79829660331173], [Y : 32.484307771860465], [U : 39.60192341455974], [V : 38.69374577006565]
DEBUG:root:  AI_MAIN10_CatRobot1_3840x2160_60_10b_S04_22 Reconstruction PSNR [YUV : 42.793277132615884], [Y : 42.53939118325577], [U : 42.63019197910811], [V : 44.214367136171035]
DEBUG:root:  AI_MAIN10_CatRobot1_3840x2160_60_10b_S04_22 Unfiltered PSNR [YUV : 42.76199238101282], [Y : 42.53329736176019], [U : 42.56778216821593], [V : 44.08151100879607]
INFO:root:  POC_16 finished(AI_MAIN10_CatRobot1_3840x2160_60_10b_S04_22 Cnt : 2)
INFO:root:  AI_MAIN10_CatRobot1_3840x2160_60_10b_S04_22 POC 17
DEBUG:root:  AI_MAIN10_CatRobot1_3840x2160_60_10b_S04_22 Prediction PSNR [YUV : 33.80257122139736], [Y : 32.52082197903572], [U : 39.50271205782463], [V : 38.26821208418345]
DEBUG:root:  AI_MAIN10_CatRobot1_3840x2160_60_10b_S04_22 Reconstruction PSNR [YUV : 42.79051961499703], [Y : 42.538961321403704], [U : 42.62753807558571], [V : 44.19779376676212]
DEBUG:root:  AI_MAIN10_CatRobot1_3840x2160_60_10b_S04_22 Unfiltered PSNR [YUV : 42.75934682162954], [Y : 42.53316244102449], [U : 42.56594799997654], [V : 44.06340366464494]
INFO:root:  POC_17 finished(AI_MAIN10_CatRobot1_3840x2160_60_10b_S04_22 Cnt : 2)
INFO:root:  AI_MAIN10_CatRobot1_3840x2160_60_10b_S04_22 POC 18
DEBUG:root:  AI_MAIN10_CatRobot1_3840x2160_60_10b_S04_22 Prediction PSNR [YUV : 33.79235991659574], [Y : 32.479899632195696], [U : 39.61345504548933], [V : 38.648306540785484]
DEBUG:root:  AI_MAIN10_CatRobot1_3840x2160_60_10b_S04_22 Reconstruction PSNR [YUV : 42.79678990379138], [Y : 42.552567905091365], [U : 42.6158880523996], [V : 44.18691811891212]
DEBUG:root:  AI_MAIN10_CatRobot1_3840x2160_60_10b_S04_22 Unfiltered PSNR [YUV : 42.764733648465516], [Y : 42.545983268849895], [U : 42.55349351964132], [V : 44.051801781273795]
INFO:root:  POC_18 finished(AI_MAIN10_CatRobot1_3840x2160_60_10b_S04_22 Cnt : 2)
INFO:root:  AI_MAIN10_CatRobot1_3840x2160_60_10b_S04_22 POC 19
DEBUG:root:  AI_MAIN10_CatRobot1_3840x2160_60_10b_S04_22 Prediction PSNR [YUV : 33.815688541008235], [Y : 32.52086583905875], [U : 39.526371310937314], [V : 38.47434959416106]
DEBUG:root:  AI_MAIN10_CatRobot1_3840x2160_60_10b_S04_22 Reconstruction PSNR [YUV : 42.79048118419276], [Y : 42.54095192118942], [U : 42.62718391430428], [V : 44.18633504465835]
DEBUG:root:  AI_MAIN10_CatRobot1_3840x2160_60_10b_S04_22 Unfiltered PSNR [YUV : 42.76026845248403], [Y : 42.536036336613144], [U : 42.5663932885721], [V : 44.05390513029138]
INFO:root:  POC_19 finished(AI_MAIN10_CatRobot1_3840x2160_60_10b_S04_22 Cnt : 2)
INFO:root:  AI_MAIN10_CatRobot1_3840x2160_60_10b_S04_22 POC 20
DEBUG:root:  AI_MAIN10_CatRobot1_3840x2160_60_10b_S04_22 Prediction PSNR [YUV : 33.78448623262501], [Y : 32.49027083310998], [U : 39.40334271806683], [V : 38.50688459788675]
DEBUG:root:  AI_MAIN10_CatRobot1_3840x2160_60_10b_S04_22 Reconstruction PSNR [YUV : 42.785597260606266], [Y : 42.53958275441288], [U : 42.60585333850181], [V : 44.18452030662444]
DEBUG:root:  AI_MAIN10_CatRobot1_3840x2160_60_10b_S04_22 Unfiltered PSNR [YUV : 42.755020745335855], [Y : 42.5342299616387], [U : 42.54433304852938], [V : 44.052869026628905]
INFO:root:  POC_20 finished(AI_MAIN10_CatRobot1_3840x2160_60_10b_S04_22 Cnt : 2)
INFO:root:  AI_MAIN10_CatRobot1_3840x2160_60_10b_S04_22 POC 21
DEBUG:root:  AI_MAIN10_CatRobot1_3840x2160_60_10b_S04_22 Prediction PSNR [YUV : 33.75926447999586], [Y : 32.462525356766044], [U : 39.41736837457826], [V : 38.49024188347399]
DEBUG:root:  AI_MAIN10_CatRobot1_3840x2160_60_10b_S04_22 Reconstruction PSNR [YUV : 42.786665145519855], [Y : 42.54381023498517], [U : 42.591376322129165], [V : 44.18953785478163]
DEBUG:root:  AI_MAIN10_CatRobot1_3840x2160_60_10b_S04_22 Unfiltered PSNR [YUV : 42.75748912338328], [Y : 42.53921383236729], [U : 42.53324455488624], [V : 44.06028756022722]
INFO:root:  POC_21 finished(AI_MAIN10_CatRobot1_3840x2160_60_10b_S04_22 Cnt : 2)
INFO:root:  AI_MAIN10_CatRobot1_3840x2160_60_10b_S04_22 POC 22
DEBUG:root:  AI_MAIN10_CatRobot1_3840x2160_60_10b_S04_22 Prediction PSNR [YUV : 33.76602107174537], [Y : 32.47280171581261], [U : 39.51526775588607], [V : 38.369643211920376]
DEBUG:root:  AI_MAIN10_CatRobot1_3840x2160_60_10b_S04_22 Reconstruction PSNR [YUV : 42.79074809505185], [Y : 42.54581552116277], [U : 42.59349917578377], [V : 44.20862192675874]
DEBUG:root:  AI_MAIN10_CatRobot1_3840x2160_60_10b_S04_22 Unfiltered PSNR [YUV : 42.76060738404804], [Y : 42.53973183686334], [U : 42.53534258447411], [V : 44.0796541872761]
INFO:root:  POC_22 finished(AI_MAIN10_CatRobot1_3840x2160_60_10b_S04_22 Cnt : 2)
INFO:root:  AI_MAIN10_CatRobot1_3840x2160_60_10b_S04_22 POC 23
DEBUG:root:  AI_MAIN10_CatRobot1_3840x2160_60_10b_S04_22 Prediction PSNR [YUV : 33.881954185116705], [Y : 32.58109635796118], [U : 39.61477651847104], [V : 38.61913563117322]
DEBUG:root:  AI_MAIN10_CatRobot1_3840x2160_60_10b_S04_22 Reconstruction PSNR [YUV : 42.80148302853381], [Y : 42.55022636600066], [U : 42.61056210343847], [V : 44.24739924915117]
DEBUG:root:  AI_MAIN10_CatRobot1_3840x2160_60_10b_S04_22 Unfiltered PSNR [YUV : 42.771013831797575], [Y : 42.54479262169444], [U : 42.55096088479271], [V : 44.11319063751656]
INFO:root:  POC_23 finished(AI_MAIN10_CatRobot1_3840x2160_60_10b_S04_22 Cnt : 2)
INFO:root:  AI_MAIN10_CatRobot1_3840x2160_60_10b_S04_22 POC 24
DEBUG:root:  AI_MAIN10_CatRobot1_3840x2160_60_10b_S04_22 Prediction PSNR [YUV : 33.894645742913674], [Y : 32.593354409488164], [U : 39.60689441670157], [V : 38.655252064895826]
DEBUG:root:  AI_MAIN10_CatRobot1_3840x2160_60_10b_S04_22 Reconstruction PSNR [YUV : 42.80602316694937], [Y : 42.55314136423938], [U : 42.62837818806006], [V : 44.24223731748449]
DEBUG:root:  AI_MAIN10_CatRobot1_3840x2160_60_10b_S04_22 Unfiltered PSNR [YUV : 42.774918528727746], [Y : 42.54652521116914], [U : 42.569836918380716], [V : 44.10815935752432]
INFO:root:  POC_24 finished(AI_MAIN10_CatRobot1_3840x2160_60_10b_S04_22 Cnt : 2)
INFO:root:  AI_MAIN10_CatRobot1_3840x2160_60_10b_S04_22 POC 25
DEBUG:root:  AI_MAIN10_CatRobot1_3840x2160_60_10b_S04_22 Prediction PSNR [YUV : 33.879745333624555], [Y : 32.59472350477555], [U : 39.514741889858726], [V : 38.4451052277123]
DEBUG:root:  AI_MAIN10_CatRobot1_3840x2160_60_10b_S04_22 Reconstruction PSNR [YUV : 42.802567704917905], [Y : 42.54201772010161], [U : 42.63920308154377], [V : 44.26347304975242]
DEBUG:root:  AI_MAIN10_CatRobot1_3840x2160_60_10b_S04_22 Unfiltered PSNR [YUV : 42.7713347121151], [Y : 42.53621506501588], [U : 42.577721265167966], [V : 44.12688937838758]
INFO:root:  POC_25 finished(AI_MAIN10_CatRobot1_3840x2160_60_10b_S04_22 Cnt : 2)
INFO:root:  AI_MAIN10_CatRobot1_3840x2160_60_10b_S04_22 POC 26
DEBUG:root:  AI_MAIN10_CatRobot1_3840x2160_60_10b_S04_22 Prediction PSNR [YUV : 33.86902920064686], [Y : 32.58612359810471], [U : 39.49576174334348], [V : 38.40838292767358]
DEBUG:root:  AI_MAIN10_CatRobot1_3840x2160_60_10b_S04_22 Reconstruction PSNR [YUV : 42.806644124575534], [Y : 42.54730895165692], [U : 42.64856983599092], [V : 44.25266802398261]
DEBUG:root:  AI_MAIN10_CatRobot1_3840x2160_60_10b_S04_22 Unfiltered PSNR [YUV : 42.77436351547952], [Y : 42.54145490781413], [U : 42.58424995802554], [V : 44.112203331885304]
INFO:root:  POC_26 finished(AI_MAIN10_CatRobot1_3840x2160_60_10b_S04_22 Cnt : 2)
INFO:root:  AI_MAIN10_CatRobot1_3840x2160_60_10b_S04_22 POC 27
DEBUG:root:  AI_MAIN10_CatRobot1_3840x2160_60_10b_S04_22 Prediction PSNR [YUV : 33.8312580482311], [Y : 32.55847615589923], [U : 39.35473496442338], [V : 38.29800253134295]
DEBUG:root:  AI_MAIN10_CatRobot1_3840x2160_60_10b_S04_22 Reconstruction PSNR [YUV : 42.78751675271209], [Y : 42.53294583606934], [U : 42.613691904800405], [V : 44.228166594243476]
DEBUG:root:  AI_MAIN10_CatRobot1_3840x2160_60_10b_S04_22 Unfiltered PSNR [YUV : 42.7532904832378], [Y : 42.52525413793534], [U : 42.549230916460765], [V : 44.08303073326843]
INFO:root:  POC_27 finished(AI_MAIN10_CatRobot1_3840x2160_60_10b_S04_22 Cnt : 2)
INFO:root:  AI_MAIN10_CatRobot1_3840x2160_60_10b_S04_22 POC 28
DEBUG:root:  AI_MAIN10_CatRobot1_3840x2160_60_10b_S04_22 Prediction PSNR [YUV : 33.77625521100603], [Y : 32.50714369710649], [U : 39.38025502116767], [V : 38.12699070607176]
DEBUG:root:  AI_MAIN10_CatRobot1_3840x2160_60_10b_S04_22 Reconstruction PSNR [YUV : 42.76720345467504], [Y : 42.511486555509215], [U : 42.581334127542476], [V : 44.23218684064238]
DEBUG:root:  AI_MAIN10_CatRobot1_3840x2160_60_10b_S04_22 Unfiltered PSNR [YUV : 42.731629180917224], [Y : 42.50360336875492], [U : 42.5135711615037], [V : 44.081314831779466]
INFO:root:  POC_28 finished(AI_MAIN10_CatRobot1_3840x2160_60_10b_S04_22 Cnt : 2)
INFO:root:  AI_MAIN10_CatRobot1_3840x2160_60_10b_S04_22 POC 29
DEBUG:root:  AI_MAIN10_CatRobot1_3840x2160_60_10b_S04_22 Prediction PSNR [YUV : 33.76581789212919], [Y : 32.52666142549921], [U : 39.14713898670778], [V : 37.85996672546033]
DEBUG:root:  AI_MAIN10_CatRobot1_3840x2160_60_10b_S04_22 Reconstruction PSNR [YUV : 42.76882392516845], [Y : 42.52065162994552], [U : 42.554556517957195], [V : 44.230664227132024]
DEBUG:root:  AI_MAIN10_CatRobot1_3840x2160_60_10b_S04_22 Unfiltered PSNR [YUV : 42.735391691123326], [Y : 42.51456293347043], [U : 42.490852959635845], [V : 44.081823322449836]
INFO:root:  POC_29 finished(AI_MAIN10_CatRobot1_3840x2160_60_10b_S04_22 Cnt : 2)
INFO:root:  AI_MAIN10_CatRobot1_3840x2160_60_10b_S04_22 POC 30
DEBUG:root:  AI_MAIN10_CatRobot1_3840x2160_60_10b_S04_22 Prediction PSNR [YUV : 33.756673948731816], [Y : 32.46896487140223], [U : 39.31809389128605], [V : 38.422548565502844]
DEBUG:root:  AI_MAIN10_CatRobot1_3840x2160_60_10b_S04_22 Reconstruction PSNR [YUV : 42.764267326405545], [Y : 42.514185740484734], [U : 42.54819509420355], [V : 44.24011036993514]
DEBUG:root:  AI_MAIN10_CatRobot1_3840x2160_60_10b_S04_22 Unfiltered PSNR [YUV : 42.73048865137244], [Y : 42.50687394983071], [U : 42.48397156725651], [V : 44.095807405720784]
INFO:root:  POC_30 finished(AI_MAIN10_CatRobot1_3840x2160_60_10b_S04_22 Cnt : 2)
INFO:root:  AI_MAIN10_CatRobot1_3840x2160_60_10b_S04_22 POC 31
DEBUG:root:  AI_MAIN10_CatRobot1_3840x2160_60_10b_S04_22 Prediction PSNR [YUV : 33.638351222871854], [Y : 32.344369411966575], [U : 39.379080683634314], [V : 38.260418866591664]
DEBUG:root:  AI_MAIN10_CatRobot1_3840x2160_60_10b_S04_22 Reconstruction PSNR [YUV : 42.75415468855457], [Y : 42.49520121447322], [U : 42.55214921741665], [V : 44.26224133660671]
DEBUG:root:  AI_MAIN10_CatRobot1_3840x2160_60_10b_S04_22 Unfiltered PSNR [YUV : 42.720376569399065], [Y : 42.48743558950693], [U : 42.48717248094806], [V : 44.12041045635175]
INFO:root:  POC_31 finished(AI_MAIN10_CatRobot1_3840x2160_60_10b_S04_22 Cnt : 2)
INFO:root:  AI_MAIN10_CatRobot1_3840x2160_60_10b_S04_22 POC 32
DEBUG:root:  AI_MAIN10_CatRobot1_3840x2160_60_10b_S04_22 Prediction PSNR [YUV : 33.51142269723936], [Y : 32.1851038704869], [U : 39.52473465200864], [V : 38.44732326941007]
DEBUG:root:  AI_MAIN10_CatRobot1_3840x2160_60_10b_S04_22 Reconstruction PSNR [YUV : 42.72967493010925], [Y : 42.456799304972336], [U : 42.567411159280546], [V : 44.262969384634836]
DEBUG:root:  AI_MAIN10_CatRobot1_3840x2160_60_10b_S04_22 Unfiltered PSNR [YUV : 42.69530073099014], [Y : 42.449069386146704], [U : 42.50059265139821], [V : 44.11711168769252]
INFO:root:  POC_32 finished(AI_MAIN10_CatRobot1_3840x2160_60_10b_S04_22 Cnt : 2)
INFO:root:  AI_MAIN10_CatRobot1_3840x2160_60_10b_S04_22 POC 33
DEBUG:root:  AI_MAIN10_CatRobot1_3840x2160_60_10b_S04_22 Prediction PSNR [YUV : 33.45775190520889], [Y : 32.16951381161428], [U : 39.1440021874645], [V : 38.0327940173872]
DEBUG:root:  AI_MAIN10_CatRobot1_3840x2160_60_10b_S04_22 Reconstruction PSNR [YUV : 42.7342924478977], [Y : 42.462692418685386], [U : 42.567897301653005], [V : 44.265962002108964]
DEBUG:root:  AI_MAIN10_CatRobot1_3840x2160_60_10b_S04_22 Unfiltered PSNR [YUV : 42.700598197672946], [Y : 42.4553361340537], [U : 42.50244410718721], [V : 44.12171916790024]
INFO:root:  POC_33 finished(AI_MAIN10_CatRobot1_3840x2160_60_10b_S04_22 Cnt : 2)
INFO:root:  AI_MAIN10_CatRobot1_3840x2160_60_10b_S04_22 POC 34
DEBUG:root:  AI_MAIN10_CatRobot1_3840x2160_60_10b_S04_22 Prediction PSNR [YUV : 33.40206264812407], [Y : 32.102861119446814], [U : 39.271843361602606], [V : 38.00746159277008]
DEBUG:root:  AI_MAIN10_CatRobot1_3840x2160_60_10b_S04_22 Reconstruction PSNR [YUV : 42.729720637302094], [Y : 42.46915356946337], [U : 42.55488700129724], [V : 44.20745280996599]
DEBUG:root:  AI_MAIN10_CatRobot1_3840x2160_60_10b_S04_22 Unfiltered PSNR [YUV : 42.69529447094111], [Y : 42.46150897073818], [U : 42.48898414473746], [V : 44.06133134970514]
INFO:root:  POC_34 finished(AI_MAIN10_CatRobot1_3840x2160_60_10b_S04_22 Cnt : 2)
INFO:root:  AI_MAIN10_CatRobot1_3840x2160_60_10b_S04_22 POC 35
DEBUG:root:  AI_MAIN10_CatRobot1_3840x2160_60_10b_S04_22 Prediction PSNR [YUV : 33.309871817419776], [Y : 31.988627986742372], [U : 39.38582511667122], [V : 38.11348447814212]
DEBUG:root:  AI_MAIN10_CatRobot1_3840x2160_60_10b_S04_22 Reconstruction PSNR [YUV : 42.734201989398464], [Y : 42.49498988042448], [U : 42.530605602960634], [V : 44.12782323505259]
DEBUG:root:  AI_MAIN10_CatRobot1_3840x2160_60_10b_S04_22 Unfiltered PSNR [YUV : 42.69929345851892], [Y : 42.4867928250925], [U : 42.46624791215693], [V : 43.98189637011783]
INFO:root:  POC_35 finished(AI_MAIN10_CatRobot1_3840x2160_60_10b_S04_22 Cnt : 2)
INFO:root:  AI_MAIN10_CatRobot1_3840x2160_60_10b_S04_22 POC 36
DEBUG:root:  AI_MAIN10_CatRobot1_3840x2160_60_10b_S04_22 Prediction PSNR [YUV : 33.199002767478284], [Y : 31.88999927388979], [U : 39.16275428738785], [V : 37.88860230492859]
DEBUG:root:  AI_MAIN10_CatRobot1_3840x2160_60_10b_S04_22 Reconstruction PSNR [YUV : 42.73989754986999], [Y : 42.52138824463923], [U : 42.496272573242784], [V : 44.07172960703339]
DEBUG:root:  AI_MAIN10_CatRobot1_3840x2160_60_10b_S04_22 Unfiltered PSNR [YUV : 42.70492417216712], [Y : 42.51156786803704], [U : 42.43583084568442], [V : 43.93139802154748]
INFO:root:  POC_36 finished(AI_MAIN10_CatRobot1_3840x2160_60_10b_S04_22 Cnt : 2)
INFO:root:  AI_MAIN10_CatRobot1_3840x2160_60_10b_S04_22 POC 37
DEBUG:root:  AI_MAIN10_CatRobot1_3840x2160_60_10b_S04_22 Prediction PSNR [YUV : 33.11770295275402], [Y : 31.82094189026825], [U : 38.94073944389493], [V : 37.72022125073502]
DEBUG:root:  AI_MAIN10_CatRobot1_3840x2160_60_10b_S04_22 Reconstruction PSNR [YUV : 42.72170890051919], [Y : 42.51156382690673], [U : 42.45681596287655], [V : 44.036453758536275]
DEBUG:root:  AI_MAIN10_CatRobot1_3840x2160_60_10b_S04_22 Unfiltered PSNR [YUV : 42.685868481401734], [Y : 42.50163529317102], [U : 42.394453860574934], [V : 43.8934111912251]
INFO:root:  POC_37 finished(AI_MAIN10_CatRobot1_3840x2160_60_10b_S04_22 Cnt : 2)
