INFO:root:AI_MAIN10_CatRobot1_3840x2160_60_10b_S04_22 binfile get training set..
INFO:root:  AI_MAIN10_CatRobot1_3840x2160_60_10b_S04_22 POC 0
DEBUG:root:  AI_MAIN10_CatRobot1_3840x2160_60_10b_S04_22 Prediction PSNR [YUV : 33.506806697446926], [Y : 32.21015480371682], [U : 39.31098670494042], [V : 38.12191229627382]
DEBUG:root:  AI_MAIN10_CatRobot1_3840x2160_60_10b_S04_22 Reconstruction PSNR [YUV : 42.823590557308535], [Y : 42.59905046665749], [U : 42.553358159176], [V : 44.228896794466614]
DEBUG:root:  AI_MAIN10_CatRobot1_3840x2160_60_10b_S04_22 Unfiltered PSNR [YUV : 42.78992637259479], [Y : 42.591110184310836], [U : 42.48901531227911], [V : 44.09242856671998]
INFO:root:  Save to Image : AI_MAIN10_CatRobot1_3840x2160_60_10b_S04_22
INFO:root:  POC_0 finished(AI_MAIN10_CatRobot1_3840x2160_60_10b_S04_22 Cnt : 2)
INFO:root:  AI_MAIN10_CatRobot1_3840x2160_60_10b_S04_22 POC 1
DEBUG:root:  AI_MAIN10_CatRobot1_3840x2160_60_10b_S04_22 Prediction PSNR [YUV : 33.46934100564979], [Y : 32.14565361935419], [U : 39.43243955210475], [V : 38.40015486588654]
DEBUG:root:  AI_MAIN10_CatRobot1_3840x2160_60_10b_S04_22 Reconstruction PSNR [YUV : 42.81686607747585], [Y : 42.59545047217334], [U : 42.53925118911292], [V : 44.21486281895373]
DEBUG:root:  AI_MAIN10_CatRobot1_3840x2160_60_10b_S04_22 Unfiltered PSNR [YUV : 42.78241799977487], [Y : 42.58608621080063], [U : 42.4762296415151], [V : 44.07852608146698]
INFO:root:  POC_1 finished(AI_MAIN10_CatRobot1_3840x2160_60_10b_S04_22 Cnt : 2)
INFO:root:  AI_MAIN10_CatRobot1_3840x2160_60_10b_S04_22 POC 2
DEBUG:root:  AI_MAIN10_CatRobot1_3840x2160_60_10b_S04_22 Prediction PSNR [YUV : 33.59810923475336], [Y : 32.26196090044172], [U : 39.66674872008022], [V : 38.65936182616843]
DEBUG:root:  AI_MAIN10_CatRobot1_3840x2160_60_10b_S04_22 Reconstruction PSNR [YUV : 42.77968761559143], [Y : 42.55345639147069], [U : 42.51844048016017], [V : 44.18164034865208]
DEBUG:root:  AI_MAIN10_CatRobot1_3840x2160_60_10b_S04_22 Unfiltered PSNR [YUV : 42.745324872130695], [Y : 42.546534276039026], [U : 42.45463239308002], [V : 44.03294337605085]
INFO:root:  POC_2 finished(AI_MAIN10_CatRobot1_3840x2160_60_10b_S04_22 Cnt : 2)
INFO:root:  AI_MAIN10_CatRobot1_3840x2160_60_10b_S04_22 POC 3
DEBUG:root:  AI_MAIN10_CatRobot1_3840x2160_60_10b_S04_22 Prediction PSNR [YUV : 33.628244474538135], [Y : 32.34201053148705], [U : 39.18578146147349], [V : 38.27408939613119]
DEBUG:root:  AI_MAIN10_CatRobot1_3840x2160_60_10b_S04_22 Reconstruction PSNR [YUV : 42.746722129836556], [Y : 42.514242324038925], [U : 42.507048220462416], [V : 44.15350528706328]
DEBUG:root:  AI_MAIN10_CatRobot1_3840x2160_60_10b_S04_22 Unfiltered PSNR [YUV : 42.712578872429255], [Y : 42.507514390454205], [U : 42.44086902097053], [V : 44.00832617574281]
INFO:root:  POC_3 finished(AI_MAIN10_CatRobot1_3840x2160_60_10b_S04_22 Cnt : 2)
INFO:root:  AI_MAIN10_CatRobot1_3840x2160_60_10b_S04_22 POC 4
DEBUG:root:  AI_MAIN10_CatRobot1_3840x2160_60_10b_S04_22 Prediction PSNR [YUV : 33.57820608441374], [Y : 32.27260570103081], [U : 39.29419613935341], [V : 38.40596309162697]
DEBUG:root:  AI_MAIN10_CatRobot1_3840x2160_60_10b_S04_22 Reconstruction PSNR [YUV : 42.73141209790853], [Y : 42.49637122957807], [U : 42.49037564904484], [V : 44.15516565914565]
DEBUG:root:  AI_MAIN10_CatRobot1_3840x2160_60_10b_S04_22 Unfiltered PSNR [YUV : 42.69841779253487], [Y : 42.48978951408779], [U : 42.42675575271239], [V : 44.01429108005246]
INFO:root:  POC_4 finished(AI_MAIN10_CatRobot1_3840x2160_60_10b_S04_22 Cnt : 2)
INFO:root:  AI_MAIN10_CatRobot1_3840x2160_60_10b_S04_22 POC 5
DEBUG:root:  AI_MAIN10_CatRobot1_3840x2160_60_10b_S04_22 Prediction PSNR [YUV : 33.56324562416307], [Y : 32.24065047546852], [U : 39.58140657314192], [V : 38.43291185058834]
DEBUG:root:  AI_MAIN10_CatRobot1_3840x2160_60_10b_S04_22 Reconstruction PSNR [YUV : 42.7174384628739], [Y : 42.47650958257098], [U : 42.49459694907184], [V : 44.14909054455273]
DEBUG:root:  AI_MAIN10_CatRobot1_3840x2160_60_10b_S04_22 Unfiltered PSNR [YUV : 42.68329379756341], [Y : 42.469420792226714], [U : 42.42711000330401], [V : 44.00672376304498]
INFO:root:  POC_5 finished(AI_MAIN10_CatRobot1_3840x2160_60_10b_S04_22 Cnt : 2)
INFO:root:  AI_MAIN10_CatRobot1_3840x2160_60_10b_S04_22 POC 6
DEBUG:root:  AI_MAIN10_CatRobot1_3840x2160_60_10b_S04_22 Prediction PSNR [YUV : 33.48138238274017], [Y : 32.19694825480822], [U : 39.16474478605348], [V : 38.000352232970506]
DEBUG:root:  AI_MAIN10_CatRobot1_3840x2160_60_10b_S04_22 Reconstruction PSNR [YUV : 42.72205259551061], [Y : 42.4768109844734], [U : 42.51428517949779], [V : 44.15704838341086]
DEBUG:root:  AI_MAIN10_CatRobot1_3840x2160_60_10b_S04_22 Unfiltered PSNR [YUV : 42.687485733552634], [Y : 42.46938161949324], [U : 42.4462141702318], [V : 44.013623918784106]
INFO:root:  POC_6 finished(AI_MAIN10_CatRobot1_3840x2160_60_10b_S04_22 Cnt : 2)
INFO:root:  AI_MAIN10_CatRobot1_3840x2160_60_10b_S04_22 POC 7
DEBUG:root:  AI_MAIN10_CatRobot1_3840x2160_60_10b_S04_22 Prediction PSNR [YUV : 33.478598462956796], [Y : 32.18012478962165], [U : 39.35547453929744], [V : 38.06739254250401]
DEBUG:root:  AI_MAIN10_CatRobot1_3840x2160_60_10b_S04_22 Reconstruction PSNR [YUV : 42.737007837327845], [Y : 42.489276650976926], [U : 42.54824694962195], [V : 44.15900581236669]
DEBUG:root:  AI_MAIN10_CatRobot1_3840x2160_60_10b_S04_22 Unfiltered PSNR [YUV : 42.70135929536136], [Y : 42.4804882069872], [U : 42.47961722326248], [V : 44.01535863022965]
INFO:root:  POC_7 finished(AI_MAIN10_CatRobot1_3840x2160_60_10b_S04_22 Cnt : 2)
INFO:root:  AI_MAIN10_CatRobot1_3840x2160_60_10b_S04_22 POC 8
DEBUG:root:  AI_MAIN10_CatRobot1_3840x2160_60_10b_S04_22 Prediction PSNR [YUV : 33.49055309325925], [Y : 32.201395567533005], [U : 39.28984986572172], [V : 37.993981458554224]
DEBUG:root:  AI_MAIN10_CatRobot1_3840x2160_60_10b_S04_22 Reconstruction PSNR [YUV : 42.76241428346009], [Y : 42.51585399284704], [U : 42.5683454293261], [V : 44.185229932046816]
DEBUG:root:  AI_MAIN10_CatRobot1_3840x2160_60_10b_S04_22 Unfiltered PSNR [YUV : 42.72724461822064], [Y : 42.50677836951142], [U : 42.500189683614416], [V : 44.04651267426023]
INFO:root:  POC_8 finished(AI_MAIN10_CatRobot1_3840x2160_60_10b_S04_22 Cnt : 2)
INFO:root:  AI_MAIN10_CatRobot1_3840x2160_60_10b_S04_22 POC 9
DEBUG:root:  AI_MAIN10_CatRobot1_3840x2160_60_10b_S04_22 Prediction PSNR [YUV : 33.506412895349214], [Y : 32.201682079648656], [U : 39.4095223748363], [V : 38.17362633625722]
DEBUG:root:  AI_MAIN10_CatRobot1_3840x2160_60_10b_S04_22 Reconstruction PSNR [YUV : 42.78171089070863], [Y : 42.535069409109276], [U : 42.588822159237736], [V : 44.2032914968358]
DEBUG:root:  AI_MAIN10_CatRobot1_3840x2160_60_10b_S04_22 Unfiltered PSNR [YUV : 42.745740808660145], [Y : 42.525356739189924], [U : 42.51934940261936], [V : 44.06359326994256]
INFO:root:  POC_9 finished(AI_MAIN10_CatRobot1_3840x2160_60_10b_S04_22 Cnt : 2)
INFO:root:  AI_MAIN10_CatRobot1_3840x2160_60_10b_S04_22 POC 10
DEBUG:root:  AI_MAIN10_CatRobot1_3840x2160_60_10b_S04_22 Prediction PSNR [YUV : 33.592644562476856], [Y : 32.29242409828612], [U : 39.379968160579566], [V : 38.276847784273244]
DEBUG:root:  AI_MAIN10_CatRobot1_3840x2160_60_10b_S04_22 Reconstruction PSNR [YUV : 42.78976743503716], [Y : 42.54585030022157], [U : 42.58767557088234], [V : 44.20871407090797]
DEBUG:root:  AI_MAIN10_CatRobot1_3840x2160_60_10b_S04_22 Unfiltered PSNR [YUV : 42.75515056275859], [Y : 42.5377809710501], [U : 42.51908802637477], [V : 44.069643508501755]
INFO:root:  POC_10 finished(AI_MAIN10_CatRobot1_3840x2160_60_10b_S04_22 Cnt : 2)
INFO:root:  AI_MAIN10_CatRobot1_3840x2160_60_10b_S04_22 POC 11
DEBUG:root:  AI_MAIN10_CatRobot1_3840x2160_60_10b_S04_22 Prediction PSNR [YUV : 33.62123969830063], [Y : 32.34368964805155], [U : 39.35989783137886], [V : 37.99592066450861]
DEBUG:root:  AI_MAIN10_CatRobot1_3840x2160_60_10b_S04_22 Reconstruction PSNR [YUV : 42.798006863736084], [Y : 42.553308494436386], [U : 42.61020216917714], [V : 44.200849144176296]
DEBUG:root:  AI_MAIN10_CatRobot1_3840x2160_60_10b_S04_22 Unfiltered PSNR [YUV : 42.76251212395752], [Y : 42.544554069402984], [U : 42.54067595897405], [V : 44.06009035170217]
INFO:root:  POC_11 finished(AI_MAIN10_CatRobot1_3840x2160_60_10b_S04_22 Cnt : 2)
