[INFO|build_dataset.py:228] 2019-08-20 14:17:33,021 > AI_MAIN10_CatRobot1_3840x2160_60_10b_S04_22 binfile get training set..
[INFO|build_dataset.py:251] 2019-08-20 14:17:38,913 >   AI_MAIN10_CatRobot1_3840x2160_60_10b_S04_22 POC 0
[DEBUG|build_dataset.py:257] 2019-08-20 14:17:39,282 >   AI_MAIN10_CatRobot1_3840x2160_60_10b_S04_22 Prediction PSNR [YUV : 33.506806697446926], [Y : 32.21015480371682], [U : 39.31098670494042], [V : 38.12191229627382]
[DEBUG|build_dataset.py:264] 2019-08-20 14:17:39,640 >   AI_MAIN10_CatRobot1_3840x2160_60_10b_S04_22 Reconstruction PSNR [YUV : 42.823590557308535], [Y : 42.59905046665749], [U : 42.553358159176], [V : 44.228896794466614]
[DEBUG|build_dataset.py:271] 2019-08-20 14:17:39,990 >   AI_MAIN10_CatRobot1_3840x2160_60_10b_S04_22 Unfiltered PSNR [YUV : 42.78992637259479], [Y : 42.591110184310836], [U : 42.48901531227911], [V : 44.09242856671998]
[INFO|build_dataset.py:437] 2019-08-20 14:17:40,361 >   Save to Image : AI_MAIN10_CatRobot1_3840x2160_60_10b_S04_22
[INFO|build_dataset.py:443] 2019-08-20 14:17:54,978 >   POC_0 finished(AI_MAIN10_CatRobot1_3840x2160_60_10b_S04_22 Cnt : 2)
[INFO|build_dataset.py:251] 2019-08-20 14:18:00,023 >   AI_MAIN10_CatRobot1_3840x2160_60_10b_S04_22 POC 1
[DEBUG|build_dataset.py:257] 2019-08-20 14:18:00,353 >   AI_MAIN10_CatRobot1_3840x2160_60_10b_S04_22 Prediction PSNR [YUV : 33.46934100564979], [Y : 32.14565361935419], [U : 39.43243955210475], [V : 38.40015486588654]
[DEBUG|build_dataset.py:264] 2019-08-20 14:18:00,683 >   AI_MAIN10_CatRobot1_3840x2160_60_10b_S04_22 Reconstruction PSNR [YUV : 42.81686607747585], [Y : 42.59545047217334], [U : 42.53925118911292], [V : 44.21486281895373]
[DEBUG|build_dataset.py:271] 2019-08-20 14:18:01,020 >   AI_MAIN10_CatRobot1_3840x2160_60_10b_S04_22 Unfiltered PSNR [YUV : 42.78241799977487], [Y : 42.58608621080063], [U : 42.4762296415151], [V : 44.07852608146698]
[INFO|build_dataset.py:443] 2019-08-20 14:18:01,365 >   POC_1 finished(AI_MAIN10_CatRobot1_3840x2160_60_10b_S04_22 Cnt : 2)
[INFO|build_dataset.py:251] 2019-08-20 14:18:06,493 >   AI_MAIN10_CatRobot1_3840x2160_60_10b_S04_22 POC 2
[DEBUG|build_dataset.py:257] 2019-08-20 14:18:06,805 >   AI_MAIN10_CatRobot1_3840x2160_60_10b_S04_22 Prediction PSNR [YUV : 33.59810923475336], [Y : 32.26196090044172], [U : 39.66674872008022], [V : 38.65936182616843]
[DEBUG|build_dataset.py:264] 2019-08-20 14:18:07,143 >   AI_MAIN10_CatRobot1_3840x2160_60_10b_S04_22 Reconstruction PSNR [YUV : 42.77968761559143], [Y : 42.55345639147069], [U : 42.51844048016017], [V : 44.18164034865208]
[DEBUG|build_dataset.py:271] 2019-08-20 14:18:07,461 >   AI_MAIN10_CatRobot1_3840x2160_60_10b_S04_22 Unfiltered PSNR [YUV : 42.745324872130695], [Y : 42.546534276039026], [U : 42.45463239308002], [V : 44.03294337605085]
[INFO|build_dataset.py:443] 2019-08-20 14:18:07,800 >   POC_2 finished(AI_MAIN10_CatRobot1_3840x2160_60_10b_S04_22 Cnt : 2)
[INFO|build_dataset.py:251] 2019-08-20 14:18:12,837 >   AI_MAIN10_CatRobot1_3840x2160_60_10b_S04_22 POC 3
[DEBUG|build_dataset.py:257] 2019-08-20 14:18:13,157 >   AI_MAIN10_CatRobot1_3840x2160_60_10b_S04_22 Prediction PSNR [YUV : 33.628244474538135], [Y : 32.34201053148705], [U : 39.18578146147349], [V : 38.27408939613119]
[DEBUG|build_dataset.py:264] 2019-08-20 14:18:13,477 >   AI_MAIN10_CatRobot1_3840x2160_60_10b_S04_22 Reconstruction PSNR [YUV : 42.746722129836556], [Y : 42.514242324038925], [U : 42.507048220462416], [V : 44.15350528706328]
[DEBUG|build_dataset.py:271] 2019-08-20 14:18:13,820 >   AI_MAIN10_CatRobot1_3840x2160_60_10b_S04_22 Unfiltered PSNR [YUV : 42.712578872429255], [Y : 42.507514390454205], [U : 42.44086902097053], [V : 44.00832617574281]
[INFO|build_dataset.py:443] 2019-08-20 14:18:14,180 >   POC_3 finished(AI_MAIN10_CatRobot1_3840x2160_60_10b_S04_22 Cnt : 2)
[INFO|build_dataset.py:251] 2019-08-20 14:18:19,876 >   AI_MAIN10_CatRobot1_3840x2160_60_10b_S04_22 POC 4
[DEBUG|build_dataset.py:257] 2019-08-20 14:18:20,231 >   AI_MAIN10_CatRobot1_3840x2160_60_10b_S04_22 Prediction PSNR [YUV : 33.57820608441374], [Y : 32.27260570103081], [U : 39.29419613935341], [V : 38.40596309162697]
[DEBUG|build_dataset.py:264] 2019-08-20 14:18:20,578 >   AI_MAIN10_CatRobot1_3840x2160_60_10b_S04_22 Reconstruction PSNR [YUV : 42.73141209790853], [Y : 42.49637122957807], [U : 42.49037564904484], [V : 44.15516565914565]
[DEBUG|build_dataset.py:271] 2019-08-20 14:18:20,912 >   AI_MAIN10_CatRobot1_3840x2160_60_10b_S04_22 Unfiltered PSNR [YUV : 42.69841779253487], [Y : 42.48978951408779], [U : 42.42675575271239], [V : 44.01429108005246]
[INFO|build_dataset.py:443] 2019-08-20 14:18:21,270 >   POC_4 finished(AI_MAIN10_CatRobot1_3840x2160_60_10b_S04_22 Cnt : 2)
[INFO|build_dataset.py:251] 2019-08-20 14:18:28,386 >   AI_MAIN10_CatRobot1_3840x2160_60_10b_S04_22 POC 5
[DEBUG|build_dataset.py:257] 2019-08-20 14:18:28,709 >   AI_MAIN10_CatRobot1_3840x2160_60_10b_S04_22 Prediction PSNR [YUV : 33.56324562416307], [Y : 32.24065047546852], [U : 39.58140657314192], [V : 38.43291185058834]
[DEBUG|build_dataset.py:264] 2019-08-20 14:18:29,052 >   AI_MAIN10_CatRobot1_3840x2160_60_10b_S04_22 Reconstruction PSNR [YUV : 42.7174384628739], [Y : 42.47650958257098], [U : 42.49459694907184], [V : 44.14909054455273]
[DEBUG|build_dataset.py:271] 2019-08-20 14:18:29,391 >   AI_MAIN10_CatRobot1_3840x2160_60_10b_S04_22 Unfiltered PSNR [YUV : 42.68329379756341], [Y : 42.469420792226714], [U : 42.42711000330401], [V : 44.00672376304498]
[INFO|build_dataset.py:443] 2019-08-20 14:18:29,729 >   POC_5 finished(AI_MAIN10_CatRobot1_3840x2160_60_10b_S04_22 Cnt : 2)
[INFO|build_dataset.py:251] 2019-08-20 14:18:35,639 >   AI_MAIN10_CatRobot1_3840x2160_60_10b_S04_22 POC 6
[DEBUG|build_dataset.py:257] 2019-08-20 14:18:36,036 >   AI_MAIN10_CatRobot1_3840x2160_60_10b_S04_22 Prediction PSNR [YUV : 33.48138238274017], [Y : 32.19694825480822], [U : 39.16474478605348], [V : 38.000352232970506]
[DEBUG|build_dataset.py:264] 2019-08-20 14:18:36,412 >   AI_MAIN10_CatRobot1_3840x2160_60_10b_S04_22 Reconstruction PSNR [YUV : 42.72205259551061], [Y : 42.4768109844734], [U : 42.51428517949779], [V : 44.15704838341086]
[DEBUG|build_dataset.py:271] 2019-08-20 14:18:36,773 >   AI_MAIN10_CatRobot1_3840x2160_60_10b_S04_22 Unfiltered PSNR [YUV : 42.687485733552634], [Y : 42.46938161949324], [U : 42.4462141702318], [V : 44.013623918784106]
[INFO|build_dataset.py:443] 2019-08-20 14:18:37,180 >   POC_6 finished(AI_MAIN10_CatRobot1_3840x2160_60_10b_S04_22 Cnt : 2)
[INFO|build_dataset.py:251] 2019-08-20 14:18:42,593 >   AI_MAIN10_CatRobot1_3840x2160_60_10b_S04_22 POC 7
[DEBUG|build_dataset.py:257] 2019-08-20 14:18:42,918 >   AI_MAIN10_CatRobot1_3840x2160_60_10b_S04_22 Prediction PSNR [YUV : 33.478598462956796], [Y : 32.18012478962165], [U : 39.35547453929744], [V : 38.06739254250401]
[DEBUG|build_dataset.py:264] 2019-08-20 14:18:43,249 >   AI_MAIN10_CatRobot1_3840x2160_60_10b_S04_22 Reconstruction PSNR [YUV : 42.737007837327845], [Y : 42.489276650976926], [U : 42.54824694962195], [V : 44.15900581236669]
[DEBUG|build_dataset.py:271] 2019-08-20 14:18:43,589 >   AI_MAIN10_CatRobot1_3840x2160_60_10b_S04_22 Unfiltered PSNR [YUV : 42.70135929536136], [Y : 42.4804882069872], [U : 42.47961722326248], [V : 44.01535863022965]
[INFO|build_dataset.py:443] 2019-08-20 14:18:43,937 >   POC_7 finished(AI_MAIN10_CatRobot1_3840x2160_60_10b_S04_22 Cnt : 2)
